TN:
SF:distributable/index.cjs
FN:16,get
FN:16,_interopRequireDefault
FNF:2
FNH:1
FNDA:0,get
FNDA:1,_interopRequireDefault
DA:1,1
DA:2,1
DA:3,1
DA:4,1
DA:5,1
DA:6,1
DA:7,1
DA:8,1
DA:9,1
DA:10,1
DA:11,1
DA:12,1
DA:13,1
DA:14,1
DA:15,1
DA:16,1
LF:16
LH:16
BRDA:16,0,0,1
BRDA:16,1,0,1
BRDA:16,2,0,0
BRF:3
BRH:2
end_of_record
TN:
SF:source/library/index.cjs
FNF:0
FNH:0
DA:1,1
DA:2,1
DA:3,1
DA:4,1
DA:5,1
DA:6,1
DA:7,1
DA:8,1
DA:9,1
DA:10,1
DA:11,1
DA:12,1
DA:13,1
DA:14,1
DA:15,1
DA:16,1
DA:17,1
DA:18,1
DA:19,1
DA:20,1
LF:20
LH:20
BRDA:20,0,0,1
BRF:1
BRH:1
end_of_record
TN:
SF:source/library/plugin.cjs
FN:37,_getRequireWildcardCache
FN:37,_interopRequireWildcard
FN:7,createPlugin
FN:17,pluginObject.pre
FN:18,pluginObject.post
FN:24,visitorObject.<computed>
FNF:6
FNH:5
FNDA:0,_getRequireWildcardCache
FNDA:2,_interopRequireWildcard
FNDA:2,createPlugin
FNDA:1,pluginObject.pre
FNDA:1,pluginObject.post
FNDA:2,visitorObject.<computed>
DA:1,1
DA:2,1
DA:3,1
DA:4,1
DA:5,1
DA:6,1
DA:7,1
DA:8,2
DA:9,2
DA:10,2
DA:11,1
DA:12,1
DA:13,1
DA:14,1
DA:15,1
DA:16,1
DA:17,1
DA:18,1
DA:19,1
DA:20,1
DA:21,1
DA:22,1
DA:23,1
DA:24,1
DA:25,1
DA:26,1
DA:27,1
DA:28,1
DA:29,1
DA:30,1
DA:31,1
DA:32,2
DA:33,2
DA:34,1
DA:35,1
DA:36,1
DA:37,1
LF:37
LH:37
BRDA:37,0,0,2
BRDA:37,1,0,2
BRDA:37,2,0,0
BRDA:37,3,0,0
BRDA:37,4,0,0
BRDA:37,5,0,0
BRDA:7,6,0,2
BRDA:10,7,0,1
BRDA:17,8,0,1
BRDA:18,9,0,1
BRDA:23,10,0,1
BRDA:24,11,0,2
BRF:12
BRH:8
end_of_record
TN:
SF:source/library/visitor.cjs
FN:3,Visitor
FN:7,get nodeType
FN:11,onBeforeNode
FN:17,onAfterNode
FNF:4
FNH:3
FNDA:1,Visitor
FNDA:0,get nodeType
FNDA:1,onBeforeNode
FNDA:1,onAfterNode
DA:1,1
DA:2,1
DA:3,1
DA:4,1
DA:5,1
DA:6,1
DA:7,1
DA:8,0
DA:9,0
DA:10,1
DA:11,1
DA:12,1
DA:13,1
DA:14,1
DA:15,1
DA:16,1
DA:17,1
DA:18,1
DA:19,1
DA:20,1
DA:21,1
LF:21
LH:19
BRDA:21,0,0,2
BRDA:3,1,0,1
BRDA:11,2,0,1
BRDA:17,3,0,1
BRF:4
BRH:4
end_of_record
