TN:
SF:distributable/index.cjs
FN:16,get
FN:16,_interopRequireDefault
FNF:2
FNH:2
FNDA:2,get
FNDA:2,_interopRequireDefault
DA:1,1
DA:2,1
DA:3,1
DA:4,1
DA:5,1
DA:6,1
DA:7,1
DA:8,1
DA:9,1
DA:10,1
DA:11,1
DA:12,1
DA:13,1
DA:14,1
DA:15,1
DA:16,1
LF:16
LH:16
BRDA:16,0,0,2
BRDA:16,1,0,2
BRDA:16,2,0,2
BRDA:16,3,0,0
BRF:4
BRH:3
end_of_record
TN:
SF:source/library/index.cjs
FNF:0
FNH:0
DA:1,1
DA:2,1
DA:3,1
DA:4,1
DA:5,1
DA:6,1
DA:7,1
DA:8,1
DA:9,1
DA:10,1
DA:11,1
DA:12,1
DA:13,1
DA:14,1
DA:15,1
DA:16,1
DA:17,1
DA:18,1
DA:19,1
DA:20,1
LF:20
LH:20
BRDA:20,0,0,2
BRF:1
BRH:1
end_of_record
TN:
SF:source/library/plugin.cjs
FN:37,_getRequireWildcardCache
FN:37,_interopRequireWildcard
FN:7,createPlugin
FN:17,pluginObject.pre
FN:18,pluginObject.post
FNF:5
FNH:4
FNDA:0,_getRequireWildcardCache
FNDA:2,_interopRequireWildcard
FNDA:2,createPlugin
FNDA:1,pluginObject.pre
FNDA:1,pluginObject.post
DA:1,1
DA:2,1
DA:3,1
DA:4,1
DA:5,1
DA:6,1
DA:7,1
DA:8,2
DA:9,2
DA:10,2
DA:11,1
DA:12,1
DA:13,1
DA:14,1
DA:15,1
DA:16,1
DA:17,1
DA:18,1
DA:19,1
DA:20,1
DA:21,1
DA:22,1
DA:23,1
DA:24,0
DA:25,0
DA:26,1
DA:27,1
DA:28,1
DA:29,1
DA:30,1
DA:31,1
DA:32,2
DA:33,2
DA:34,1
DA:35,1
DA:36,1
DA:37,1
LF:37
LH:35
BRDA:37,0,0,2
BRDA:37,1,0,2
BRDA:37,2,0,0
BRDA:37,3,0,0
BRDA:37,4,0,0
BRDA:37,5,0,0
BRDA:7,6,0,2
BRDA:10,7,0,1
BRDA:17,8,0,1
BRDA:18,9,0,1
BRF:10
BRH:6
end_of_record
TN:
SF:source/library/visitor.cjs
FN:3,Visitor
FN:7,get nodeType
FN:11,onBeforeNode
FN:17,onAfterNode
FNF:4
FNH:4
FNDA:1,Visitor
FNDA:1,get nodeType
FNDA:1,onBeforeNode
FNDA:1,onAfterNode
DA:1,1
DA:2,1
DA:3,1
DA:4,1
DA:5,1
DA:6,1
DA:7,1
DA:8,1
DA:9,1
DA:10,1
DA:11,1
DA:12,1
DA:13,1
DA:14,1
DA:15,1
DA:16,1
DA:17,1
DA:18,1
DA:19,1
DA:20,1
DA:21,1
LF:21
LH:21
BRDA:21,0,0,2
BRDA:3,1,0,1
BRDA:7,2,0,1
BRDA:11,3,0,1
BRDA:17,4,0,1
BRF:5
BRH:5
end_of_record
